# JRE version: Java(TM) SE Runtime Environment 18.9 (11.0.15+8) (build 11.0.15+8-LTS-149)
# Java VM: Java HotSpot(TM) 64-Bit Server VM 18.9 (11.0.15+8-LTS-149, mixed mode, tiered, compressed oops, g1 gc, windows-amd64)
Heap:
 garbage-first heap   total 129024K, used 82065K [0x0000000080000000, 0x0000000100000000)
  region size 1024K, 68 young (69632K), 7 survivors (7168K)
 Metaspace       used 34776K, capacity 35624K, committed 35708K, reserved 548864K
  class space    used 4548K, capacity 4864K, committed 4864K, reserved 516096K
GC Heap History (8 events):
Event: 0.722 GC heap before
{Heap before GC invocations=0 (full 0):
 garbage-first heap   total 129024K, used 29696K [0x0000000080000000, 0x0000000100000000)
  region size 1024K, 24 young (24576K), 0 survivors (0K)
 Metaspace       used 9899K, capacity 10203K, committed 10368K, reserved 526336K
  class space    used 1024K, capacity 1105K, committed 1152K, reserved 516096K
}
Event: 0.728 GC heap after
{Heap after GC invocations=1 (full 0):
 garbage-first heap   total 129024K, used 9850K [0x0000000080000000, 0x0000000100000000)
  region size 1024K, 3 young (3072K), 3 survivors (3072K)
 Metaspace       used 9899K, capacity 10203K, committed 10368K, reserved 526336K
  class space    used 1024K, capacity 1105K, committed 1152K, reserved 516096K
}
Event: 2.736 GC heap before
{Heap before GC invocations=1 (full 0):
 garbage-first heap   total 129024K, used 84602K [0x0000000080000000, 0x0000000100000000)
  region size 1024K, 75 young (76800K), 3 survivors (3072K)
 Metaspace       used 17583K, capacity 18004K, committed 18176K, reserved 532480K
  class space    used 2091K, capacity 2243K, committed 2304K, reserved 516096K
}
Event: 2.743 GC heap after
{Heap after GC invocations=2 (full 0):
 garbage-first heap   total 129024K, used 16407K [0x0000000080000000, 0x0000000100000000)
  region size 1024K, 10 young (10240K), 10 survivors (10240K)
 Metaspace       used 17583K, capacity 18004K, committed 18176K, reserved 532480K
  class space    used 2091K, capacity 2243K, committed 2304K, reserved 516096K
}
Event: 2.996 GC heap before
{Heap before GC invocations=2 (full 0):
 garbage-first heap   total 129024K, used 37911K [0x0000000080000000, 0x0000000100000000)
  region size 1024K, 32 young (32768K), 10 survivors (10240K)
 Metaspace       used 20533K, capacity 21114K, committed 21296K, reserved 536576K
  class space    used 2513K, capacity 2668K, committed 2688K, reserved 516096K
}
Event: 3.002 GC heap after
{Heap after GC invocations=3 (full 0):
 garbage-first heap   total 129024K, used 17569K [0x0000000080000000, 0x0000000100000000)
  region size 1024K, 1 young (1024K), 1 survivors (1024K)
 Metaspace       used 20533K, capacity 21114K, committed 21296K, reserved 536576K
  class space    used 2513K, capacity 2668K, committed 2688K, reserved 516096K
}
Event: 3.599 GC heap before
{Heap before GC invocations=4 (full 0):
 garbage-first heap   total 129024K, used 76961K [0x0000000080000000, 0x0000000100000000)
  region size 1024K, 59 young (60416K), 1 survivors (1024K)
 Metaspace       used 26403K, capacity 27119K, committed 27184K, reserved 540672K
  class space    used 3467K, capacity 3703K, committed 3712K, reserved 516096K
}
Event: 3.603 GC heap after
{Heap after GC invocations=5 (full 0):
 garbage-first heap   total 129024K, used 19601K [0x0000000080000000, 0x0000000100000000)
  region size 1024K, 3 young (3072K), 3 survivors (3072K)
 Metaspace       used 26403K, capacity 27119K, committed 27184K, reserved 540672K
  class space    used 3467K, capacity 3703K, committed 3712K, reserved 516096K
}

